2026-02-09 23:08:01 | Service Guardian started
2026-02-09 23:08:01 | Service Guardian started
2026-02-09 23:10:40 | Service Guardian started
2026-02-09 23:10:40 | Service Guardian started
2026-02-09 23:16:21 | Service Guardian started
2026-02-09 23:16:21 | Service Guardian started
2026-02-09 23:16:59 | Service Guardian started
2026-02-09 23:16:59 | Service Guardian started
2026-02-09 23:27:31 | Service Guardian started
2026-02-09 23:27:31 | Service Guardian started
2026-02-09 23:28:08 | Service Guardian started
2026-02-09 23:28:08 | Service Guardian started
2026-02-09 23:31:24 | Service Guardian started
2026-02-09 23:31:24 | Service Guardian started
2026-02-09 23:33:11 | Service Guardian started
2026-02-09 23:33:11 | Service Guardian started
2026-02-09 23:33:20 | Service Guardian started
2026-02-09 23:33:20 | Service Guardian started
2026-02-09 23:37:44 | Service Guardian started
2026-02-09 23:38:19 | Service Guardian started
2026-02-09 23:39:30 | Service Guardian started
2026-02-09 23:42:50 | Service Guardian started
2026-02-09 23:44:03 | Service Guardian started
2026-02-09 23:50:00 | Service Guardian started
2026-02-09 23:50:32 | Service Guardian started
2026-02-09 23:51:42 | Service Guardian started
2026-02-09 23:56:34 | Service Guardian started
2026-02-12 10:45:01 | Service Guardian started
2026-02-12 10:45:01 | Started log monitor for mysql (/var/log/mysql/error.log)
2026-02-12 10:45:01 | Started log monitor for redis-server (/var/log/redis/redis-server.log)
2026-02-12 10:45:01 | Started log monitor for nginx (/var/log/nginx/error.log)
2026-02-12 10:45:01 | mysql healthy
2026-02-12 10:45:01 | redis-server healthy
2026-02-12 10:45:01 | nginx healthy
2026-02-12 10:45:07 | mysql healthy
2026-02-12 10:45:07 | redis-server healthy
2026-02-12 10:45:07 | nginx healthy
2026-02-12 10:45:12 | mysql healthy
2026-02-12 10:45:12 | redis-server healthy
2026-02-12 10:45:12 | nginx healthy
2026-02-12 10:45:17 | mysql healthy
2026-02-12 10:45:17 | redis-server healthy
2026-02-12 10:45:18 | nginx healthy
2026-02-12 10:45:23 | mysql healthy
2026-02-12 10:45:23 | redis-server healthy
2026-02-12 10:45:23 | nginx healthy
2026-02-12 10:45:23 | Service Guardian shutting down...
2026-02-12 10:45:23 | Availability report generated
2026-02-12 10:45:23 | Service Guardian stopped
2026-02-12 10:47:05 | Service Guardian started
2026-02-12 10:47:05 | Started log monitor for mysql (/var/log/mysql/error.log)
2026-02-12 10:47:05 | Started log monitor for redis-server (/var/log/redis/redis-server.log)
2026-02-12 10:47:05 | Started log monitor for nginx (/var/log/nginx/error.log)
2026-02-12 10:47:44 | redis-server healthy
2026-02-12 10:47:44 | nginx healthy
2026-02-12 10:48:14 | Service Guardian shutting down...
2026-02-12 10:48:15 | Availability report generated
2026-02-12 10:48:15 | Service Guardian stopped
